{
  "defectsList" : [ {
    "title" : "Product defects",
    "status" : "FAILED",
    "defects" : [ {
      "uid" : "c1b9a75b8565ec67",
      "failure" : {
        "message" : "Failed: get is not defined",
        "stackTrace" : "ReferenceError: get is not defined\n    at Object.<anonymous> (F:\\Protractor\\New\\binding.js:4:9)\n    at C:\\Users\\sarkar\\AppData\\Roaming\\npm\\node_modules\\protractor\\node_modules\\jasminewd2\\index.js:110:25\n    at new ManagedPromise (C:\\Users\\sarkar\\AppData\\Roaming\\npm\\node_modules\\protractor\\node_modules\\selenium-webdriver\\lib\\promise.js:1067:7)\n    at ControlFlow.promise (C:\\Users\\sarkar\\AppData\\Roaming\\npm\\node_modules\\protractor\\node_modules\\selenium-webdriver\\lib\\promise.js:2396:12)\n    at schedulerExecute (C:\\Users\\sarkar\\AppData\\Roaming\\npm\\node_modules\\protractor\\node_modules\\jasminewd2\\index.js:95:18)\n    at TaskQueue.execute_ (C:\\Users\\sarkar\\AppData\\Roaming\\npm\\node_modules\\protractor\\node_modules\\selenium-webdriver\\lib\\promise.js:2970:14)\n    at TaskQueue.executeNext_ (C:\\Users\\sarkar\\AppData\\Roaming\\npm\\node_modules\\protractor\\node_modules\\selenium-webdriver\\lib\\promise.js:2953:27)\n    at asyncRun (C:\\Users\\sarkar\\AppData\\Roaming\\npm\\node_modules\\protractor\\node_modules\\selenium-webdriver\\lib\\promise.js:2860:25)\n    at C:\\Users\\sarkar\\AppData\\Roaming\\npm\\node_modules\\protractor\\node_modules\\selenium-webdriver\\lib\\promise.js:676:7\n    at process._tickCallback (internal/process/next_tick.js:103:7)\nFrom: Task: Run it(\"should add a todo\") in control flow\n    at Object.<anonymous> (C:\\Users\\sarkar\\AppData\\Roaming\\npm\\node_modules\\protractor\\node_modules\\jasminewd2\\index.js:94:19)\n    at attemptAsync (C:\\Users\\sarkar\\AppData\\Roaming\\npm\\node_modules\\protractor\\node_modules\\jasmine-core\\lib\\jasmine-core\\jasmine.js:1980:24)\n    at QueueRunner.run (C:\\Users\\sarkar\\AppData\\Roaming\\npm\\node_modules\\protractor\\node_modules\\jasmine-core\\lib\\jasmine-core\\jasmine.js:1935:9)\n    at QueueRunner.execute (C:\\Users\\sarkar\\AppData\\Roaming\\npm\\node_modules\\protractor\\node_modules\\jasmine-core\\lib\\jasmine-core\\jasmine.js:1923:10)\n    at Spec.queueRunnerFactory (C:\\Users\\sarkar\\AppData\\Roaming\\npm\\node_modules\\protractor\\node_modules\\jasmine-core\\lib\\jasmine-core\\jasmine.js:714:35)\n    at Spec.execute (C:\\Users\\sarkar\\AppData\\Roaming\\npm\\node_modules\\protractor\\node_modules\\jasmine-core\\lib\\jasmine-core\\jasmine.js:371:10)\n    at Object.fn (C:\\Users\\sarkar\\AppData\\Roaming\\npm\\node_modules\\protractor\\node_modules\\jasmine-core\\lib\\jasmine-core\\jasmine.js:2579:37)\n    at attemptAsync (C:\\Users\\sarkar\\AppData\\Roaming\\npm\\node_modules\\protractor\\node_modules\\jasmine-core\\lib\\jasmine-core\\jasmine.js:1980:24)\n    at QueueRunner.run (C:\\Users\\sarkar\\AppData\\Roaming\\npm\\node_modules\\protractor\\node_modules\\jasmine-core\\lib\\jasmine-core\\jasmine.js:1935:9)\n    at QueueRunner.execute (C:\\Users\\sarkar\\AppData\\Roaming\\npm\\node_modules\\protractor\\node_modules\\jasmine-core\\lib\\jasmine-core\\jasmine.js:1923:10)\nFrom asynchronous test: \nError\n    at Suite.<anonymous> (F:\\Protractor\\New\\binding.js:3:5)\n    at addSpecsToSuite (C:\\Users\\sarkar\\AppData\\Roaming\\npm\\node_modules\\protractor\\node_modules\\jasmine-core\\lib\\jasmine-core\\jasmine.js:867:25)\n    at Env.describe (C:\\Users\\sarkar\\AppData\\Roaming\\npm\\node_modules\\protractor\\node_modules\\jasmine-core\\lib\\jasmine-core\\jasmine.js:836:7)\n    at describe (C:\\Users\\sarkar\\AppData\\Roaming\\npm\\node_modules\\protractor\\node_modules\\jasmine-core\\lib\\jasmine-core\\jasmine.js:3576:18)\n    at Object.<anonymous> (F:\\Protractor\\New\\binding.js:1:1)\n    at Module._compile (module.js:570:32)\n    at Object.Module._extensions..js (module.js:579:10)\n    at Module.load (module.js:487:32)\n    at tryModuleLoad (module.js:446:12)"
      },
      "testCases" : [ {
        "uid" : "6b980d200f61fa08",
        "name" : "should add a todo",
        "title" : "should add a todo",
        "time" : {
          "start" : 1491287788675,
          "stop" : 1491287788703,
          "duration" : 28
        },
        "severity" : "NORMAL",
        "status" : "FAILED"
      } ]
    }, {
      "uid" : "da8ed5ccf607a646",
      "failure" : {
        "message" : "Expected '3' to equal '5'.",
        "stackTrace" : "Error: Failed expectation\n    at Object.<anonymous> (F:\\Protractor\\New\\binding.js:11:9)\n    at C:\\Users\\sarkar\\AppData\\Roaming\\npm\\node_modules\\protractor\\node_modules\\jasminewd2\\index.js:110:25\n    at new ManagedPromise (C:\\Users\\sarkar\\AppData\\Roaming\\npm\\node_modules\\protractor\\node_modules\\selenium-webdriver\\lib\\promise.js:1067:7)\n    at ControlFlow.promise (C:\\Users\\sarkar\\AppData\\Roaming\\npm\\node_modules\\protractor\\node_modules\\selenium-webdriver\\lib\\promise.js:2396:12)\n    at schedulerExecute (C:\\Users\\sarkar\\AppData\\Roaming\\npm\\node_modules\\protractor\\node_modules\\jasminewd2\\index.js:95:18)\n    at TaskQueue.execute_ (C:\\Users\\sarkar\\AppData\\Roaming\\npm\\node_modules\\protractor\\node_modules\\selenium-webdriver\\lib\\promise.js:2970:14)\n    at TaskQueue.executeNext_ (C:\\Users\\sarkar\\AppData\\Roaming\\npm\\node_modules\\protractor\\node_modules\\selenium-webdriver\\lib\\promise.js:2953:27)\n    at asyncRun (C:\\Users\\sarkar\\AppData\\Roaming\\npm\\node_modules\\protractor\\node_modules\\selenium-webdriver\\lib\\promise.js:2860:25)\n    at C:\\Users\\sarkar\\AppData\\Roaming\\npm\\node_modules\\protractor\\node_modules\\selenium-webdriver\\lib\\promise.js:676:7"
      },
      "testCases" : [ {
        "uid" : "e3b18356643c5013",
        "name" : "should add one and two",
        "title" : "should add one and two",
        "time" : {
          "start" : 1491289913167,
          "stop" : 1491289918204,
          "duration" : 5037
        },
        "severity" : "NORMAL",
        "status" : "FAILED"
      } ]
    } ]
  }, {
    "title" : "Test defects",
    "status" : "BROKEN",
    "defects" : [ ]
  } ]
}