{
  "defectsList" : [ {
    "title" : "Product defects",
    "status" : "FAILED",
    "defects" : [ {
      "uid" : "2a64e244500ff73a",
      "failure" : {
        "message" : "Failed: each key must be a number of string; got object",
        "stackTrace" : "TypeError: each key must be a number of string; got object\n    at TypeError (native)\n    at keys.forEach.key (C:\\Users\\sarkar\\AppData\\Roaming\\npm\\node_modules\\protractor\\node_modules\\selenium-webdriver\\lib\\webdriver.js:2072:21)\n    at Array.forEach (native)\n    at Promise.all.then.keys (C:\\Users\\sarkar\\AppData\\Roaming\\npm\\node_modules\\protractor\\node_modules\\selenium-webdriver\\lib\\webdriver.js:2067:16)\n    at process._tickCallback (internal/process/next_tick.js:103:7)\nFrom: Task: WebElement.sendKeys()\n    at Driver.schedule (C:\\Users\\sarkar\\AppData\\Roaming\\npm\\node_modules\\protractor\\node_modules\\selenium-webdriver\\lib\\webdriver.js:816:17)\n    at WebElement.schedule_ (C:\\Users\\sarkar\\AppData\\Roaming\\npm\\node_modules\\protractor\\node_modules\\selenium-webdriver\\lib\\webdriver.js:1921:25)\n    at WebElement.sendKeys (C:\\Users\\sarkar\\AppData\\Roaming\\npm\\node_modules\\protractor\\node_modules\\selenium-webdriver\\lib\\webdriver.js:2084:19)\n    at actionFn (C:\\Users\\sarkar\\AppData\\Roaming\\npm\\node_modules\\protractor\\lib\\element.ts:94:34)\n    at Array.map (native)\n    at actionResults.getWebElements.then (C:\\Users\\sarkar\\AppData\\Roaming\\npm\\node_modules\\protractor\\lib\\element.ts:484:67)\n    at ManagedPromise.invokeCallback_ (C:\\Users\\sarkar\\AppData\\Roaming\\npm\\node_modules\\protractor\\node_modules\\selenium-webdriver\\lib\\promise.js:1366:14)\n    at TaskQueue.execute_ (C:\\Users\\sarkar\\AppData\\Roaming\\npm\\node_modules\\protractor\\node_modules\\selenium-webdriver\\lib\\promise.js:2970:14)\n    at TaskQueue.executeNext_ (C:\\Users\\sarkar\\AppData\\Roaming\\npm\\node_modules\\protractor\\node_modules\\selenium-webdriver\\lib\\promise.js:2953:27)\n    at asyncRun (C:\\Users\\sarkar\\AppData\\Roaming\\npm\\node_modules\\protractor\\node_modules\\selenium-webdriver\\lib\\promise.js:2813:27)Error\n    at ElementArrayFinder.applyAction_ (C:\\Users\\sarkar\\AppData\\Roaming\\npm\\node_modules\\protractor\\lib\\element.ts:482:23)\n    at ElementArrayFinder.(anonymous function) [as sendKeys] (C:\\Users\\sarkar\\AppData\\Roaming\\npm\\node_modules\\protractor\\lib\\element.ts:96:21)\n    at ElementFinder.(anonymous function) [as sendKeys] (C:\\Users\\sarkar\\AppData\\Roaming\\npm\\node_modules\\protractor\\lib\\element.ts:873:14)\n    at Object.<anonymous> (F:\\Protractor\\New\\gmailLogin.js:36:63)\n    at C:\\Users\\sarkar\\AppData\\Roaming\\npm\\node_modules\\protractor\\node_modules\\jasminewd2\\index.js:110:25\n    at new ManagedPromise (C:\\Users\\sarkar\\AppData\\Roaming\\npm\\node_modules\\protractor\\node_modules\\selenium-webdriver\\lib\\promise.js:1067:7)\n    at ControlFlow.promise (C:\\Users\\sarkar\\AppData\\Roaming\\npm\\node_modules\\protractor\\node_modules\\selenium-webdriver\\lib\\promise.js:2396:12)\n    at schedulerExecute (C:\\Users\\sarkar\\AppData\\Roaming\\npm\\node_modules\\protractor\\node_modules\\jasminewd2\\index.js:95:18)\n    at TaskQueue.execute_ (C:\\Users\\sarkar\\AppData\\Roaming\\npm\\node_modules\\protractor\\node_modules\\selenium-webdriver\\lib\\promise.js:2970:14)\n    at TaskQueue.executeNext_ (C:\\Users\\sarkar\\AppData\\Roaming\\npm\\node_modules\\protractor\\node_modules\\selenium-webdriver\\lib\\promise.js:2953:27)\nFrom: Task: Run it(\"gmail login\") in control flow\n    at Object.<anonymous> (C:\\Users\\sarkar\\AppData\\Roaming\\npm\\node_modules\\protractor\\node_modules\\jasminewd2\\index.js:94:19)\n    at attemptAsync (C:\\Users\\sarkar\\AppData\\Roaming\\npm\\node_modules\\protractor\\node_modules\\jasmine-core\\lib\\jasmine-core\\jasmine.js:1980:24)\n    at QueueRunner.run (C:\\Users\\sarkar\\AppData\\Roaming\\npm\\node_modules\\protractor\\node_modules\\jasmine-core\\lib\\jasmine-core\\jasmine.js:1935:9)\n    at C:\\Users\\sarkar\\AppData\\Roaming\\npm\\node_modules\\protractor\\node_modules\\jasmine-core\\lib\\jasmine-core\\jasmine.js:1962:16\n    at C:\\Users\\sarkar\\AppData\\Roaming\\npm\\node_modules\\protractor\\node_modules\\jasmine-core\\lib\\jasmine-core\\jasmine.js:1905:9\n    at C:\\Users\\sarkar\\AppData\\Roaming\\npm\\node_modules\\protractor\\node_modules\\jasminewd2\\index.js:64:48\n    at ControlFlow.emit (C:\\Users\\sarkar\\AppData\\Roaming\\npm\\node_modules\\protractor\\node_modules\\selenium-webdriver\\lib\\events.js:62:21)\n    at ControlFlow.shutdown_ (C:\\Users\\sarkar\\AppData\\Roaming\\npm\\node_modules\\protractor\\node_modules\\selenium-webdriver\\lib\\promise.js:2565:10)\n    at shutdownTask_.MicroTask (C:\\Users\\sarkar\\AppData\\Roaming\\npm\\node_modules\\protractor\\node_modules\\selenium-webdriver\\lib\\promise.js:2490:53)\n    at MicroTask.asyncRun (C:\\Users\\sarkar\\AppData\\Roaming\\npm\\node_modules\\protractor\\node_modules\\selenium-webdriver\\lib\\promise.js:2619:9)\nFrom asynchronous test: \nError\n    at Suite.<anonymous> (F:\\Protractor\\New\\gmailLogin.js:24:5)\n    at addSpecsToSuite (C:\\Users\\sarkar\\AppData\\Roaming\\npm\\node_modules\\protractor\\node_modules\\jasmine-core\\lib\\jasmine-core\\jasmine.js:867:25)\n    at Env.describe (C:\\Users\\sarkar\\AppData\\Roaming\\npm\\node_modules\\protractor\\node_modules\\jasmine-core\\lib\\jasmine-core\\jasmine.js:836:7)\n    at describe (C:\\Users\\sarkar\\AppData\\Roaming\\npm\\node_modules\\protractor\\node_modules\\jasmine-core\\lib\\jasmine-core\\jasmine.js:3576:18)\n    at Object.<anonymous> (F:\\Protractor\\New\\gmailLogin.js:4:1)\n    at Module._compile (module.js:570:32)\n    at Object.Module._extensions..js (module.js:579:10)\n    at Module.load (module.js:487:32)\n    at tryModuleLoad (module.js:446:12)"
      },
      "testCases" : [ {
        "uid" : "8ded952f5f527c80",
        "name" : "gmail login",
        "title" : "gmail login",
        "time" : {
          "start" : 1492327744742,
          "stop" : 1492327752478,
          "duration" : 7736
        },
        "severity" : "NORMAL",
        "status" : "FAILED"
      }, {
        "uid" : "6c4630364d323ecc",
        "name" : "gmail login",
        "title" : "gmail login",
        "time" : {
          "start" : 1492327860149,
          "stop" : 1492327866621,
          "duration" : 6472
        },
        "severity" : "NORMAL",
        "status" : "FAILED"
      } ]
    }, {
      "uid" : "12203af716a927ee",
      "failure" : {
        "message" : "Failed: Angular could not be found on the page https://mail.google.com/.If this is not an Angular application, you may need to turn off waiting for Angular.\n                          Please see \n                          https://github.com/angular/protractor/blob/master/docs/timeouts.md#waiting-for-angular-on-page-load",
        "stackTrace" : "Error: Angular could not be found on the page https://mail.google.com/.If this is not an Angular application, you may need to turn off waiting for Angular.\n                          Please see \n                          https://github.com/angular/protractor/blob/master/docs/timeouts.md#waiting-for-angular-on-page-load\n    at executeAsyncScript_.then (C:\\Users\\sarkar\\AppData\\Roaming\\npm\\node_modules\\protractor\\lib\\browser.ts:935:29)\n    at ManagedPromise.invokeCallback_ (C:\\Users\\sarkar\\AppData\\Roaming\\npm\\node_modules\\protractor\\node_modules\\selenium-webdriver\\lib\\promise.js:1366:14)\n    at TaskQueue.execute_ (C:\\Users\\sarkar\\AppData\\Roaming\\npm\\node_modules\\protractor\\node_modules\\selenium-webdriver\\lib\\promise.js:2970:14)\n    at TaskQueue.executeNext_ (C:\\Users\\sarkar\\AppData\\Roaming\\npm\\node_modules\\protractor\\node_modules\\selenium-webdriver\\lib\\promise.js:2953:27)\n    at asyncRun (C:\\Users\\sarkar\\AppData\\Roaming\\npm\\node_modules\\protractor\\node_modules\\selenium-webdriver\\lib\\promise.js:2813:27)\n    at C:\\Users\\sarkar\\AppData\\Roaming\\npm\\node_modules\\protractor\\node_modules\\selenium-webdriver\\lib\\promise.js:676:7\n    at process._tickCallback (internal/process/next_tick.js:103:7)\nFrom: Task: Run beforeEach in control flow\n    at Object.<anonymous> (C:\\Users\\sarkar\\AppData\\Roaming\\npm\\node_modules\\protractor\\node_modules\\jasminewd2\\index.js:94:19)\n    at attemptAsync (C:\\Users\\sarkar\\AppData\\Roaming\\npm\\node_modules\\protractor\\node_modules\\jasmine-core\\lib\\jasmine-core\\jasmine.js:1980:24)\n    at QueueRunner.run (C:\\Users\\sarkar\\AppData\\Roaming\\npm\\node_modules\\protractor\\node_modules\\jasmine-core\\lib\\jasmine-core\\jasmine.js:1935:9)\n    at QueueRunner.execute (C:\\Users\\sarkar\\AppData\\Roaming\\npm\\node_modules\\protractor\\node_modules\\jasmine-core\\lib\\jasmine-core\\jasmine.js:1923:10)\n    at Spec.queueRunnerFactory (C:\\Users\\sarkar\\AppData\\Roaming\\npm\\node_modules\\protractor\\node_modules\\jasmine-core\\lib\\jasmine-core\\jasmine.js:714:35)\n    at Spec.execute (C:\\Users\\sarkar\\AppData\\Roaming\\npm\\node_modules\\protractor\\node_modules\\jasmine-core\\lib\\jasmine-core\\jasmine.js:371:10)\n    at Object.fn (C:\\Users\\sarkar\\AppData\\Roaming\\npm\\node_modules\\protractor\\node_modules\\jasmine-core\\lib\\jasmine-core\\jasmine.js:2579:37)\n    at attemptAsync (C:\\Users\\sarkar\\AppData\\Roaming\\npm\\node_modules\\protractor\\node_modules\\jasmine-core\\lib\\jasmine-core\\jasmine.js:1980:24)\n    at QueueRunner.run (C:\\Users\\sarkar\\AppData\\Roaming\\npm\\node_modules\\protractor\\node_modules\\jasmine-core\\lib\\jasmine-core\\jasmine.js:1935:9)\n    at QueueRunner.execute (C:\\Users\\sarkar\\AppData\\Roaming\\npm\\node_modules\\protractor\\node_modules\\jasmine-core\\lib\\jasmine-core\\jasmine.js:1923:10)\nFrom asynchronous test: \nError\n    at Suite.<anonymous> (F:\\Protractor\\New\\gmailLogin.js:6:5)\n    at addSpecsToSuite (C:\\Users\\sarkar\\AppData\\Roaming\\npm\\node_modules\\protractor\\node_modules\\jasmine-core\\lib\\jasmine-core\\jasmine.js:867:25)\n    at Env.describe (C:\\Users\\sarkar\\AppData\\Roaming\\npm\\node_modules\\protractor\\node_modules\\jasmine-core\\lib\\jasmine-core\\jasmine.js:836:7)\n    at describe (C:\\Users\\sarkar\\AppData\\Roaming\\npm\\node_modules\\protractor\\node_modules\\jasmine-core\\lib\\jasmine-core\\jasmine.js:3576:18)\n    at Object.<anonymous> (F:\\Protractor\\New\\gmailLogin.js:4:1)\n    at Module._compile (module.js:570:32)\n    at Object.Module._extensions..js (module.js:579:10)\n    at Module.load (module.js:487:32)\n    at tryModuleLoad (module.js:446:12)"
      },
      "testCases" : [ {
        "uid" : "76f222a9dea93df3",
        "name" : "gmail login",
        "title" : "gmail login",
        "time" : {
          "start" : 1496079173458,
          "stop" : 1496079187835,
          "duration" : 14377
        },
        "severity" : "NORMAL",
        "status" : "FAILED"
      }, {
        "uid" : "d2fb554c1da7d8da",
        "name" : "gmail login",
        "title" : "gmail login",
        "time" : {
          "start" : 1491934089543,
          "stop" : 1491934105288,
          "duration" : 15745
        },
        "severity" : "NORMAL",
        "status" : "FAILED"
      } ]
    }, {
      "uid" : "8c868ea0c63c579c",
      "failure" : {
        "message" : "Failed: Cannot read property 'ver' of null",
        "stackTrace" : "TypeError: Cannot read property 'ver' of null\n    at executeAsyncScript_.then (C:\\Users\\sarkar\\AppData\\Roaming\\npm\\node_modules\\protractor\\lib\\browser.ts:931:59)\n    at ManagedPromise.invokeCallback_ (C:\\Users\\sarkar\\AppData\\Roaming\\npm\\node_modules\\protractor\\node_modules\\selenium-webdriver\\lib\\promise.js:1366:14)\n    at TaskQueue.execute_ (C:\\Users\\sarkar\\AppData\\Roaming\\npm\\node_modules\\protractor\\node_modules\\selenium-webdriver\\lib\\promise.js:2970:14)\n    at TaskQueue.executeNext_ (C:\\Users\\sarkar\\AppData\\Roaming\\npm\\node_modules\\protractor\\node_modules\\selenium-webdriver\\lib\\promise.js:2953:27)\n    at asyncRun (C:\\Users\\sarkar\\AppData\\Roaming\\npm\\node_modules\\protractor\\node_modules\\selenium-webdriver\\lib\\promise.js:2813:27)\n    at C:\\Users\\sarkar\\AppData\\Roaming\\npm\\node_modules\\protractor\\node_modules\\selenium-webdriver\\lib\\promise.js:676:7\n    at process._tickCallback (internal/process/next_tick.js:103:7)\nFrom: Task: Run beforeEach in control flow\n    at Object.<anonymous> (C:\\Users\\sarkar\\AppData\\Roaming\\npm\\node_modules\\protractor\\node_modules\\jasminewd2\\index.js:94:19)\n    at attemptAsync (C:\\Users\\sarkar\\AppData\\Roaming\\npm\\node_modules\\protractor\\node_modules\\jasmine-core\\lib\\jasmine-core\\jasmine.js:1980:24)\n    at QueueRunner.run (C:\\Users\\sarkar\\AppData\\Roaming\\npm\\node_modules\\protractor\\node_modules\\jasmine-core\\lib\\jasmine-core\\jasmine.js:1935:9)\n    at QueueRunner.execute (C:\\Users\\sarkar\\AppData\\Roaming\\npm\\node_modules\\protractor\\node_modules\\jasmine-core\\lib\\jasmine-core\\jasmine.js:1923:10)\n    at Spec.queueRunnerFactory (C:\\Users\\sarkar\\AppData\\Roaming\\npm\\node_modules\\protractor\\node_modules\\jasmine-core\\lib\\jasmine-core\\jasmine.js:714:35)\n    at Spec.execute (C:\\Users\\sarkar\\AppData\\Roaming\\npm\\node_modules\\protractor\\node_modules\\jasmine-core\\lib\\jasmine-core\\jasmine.js:371:10)\n    at Object.fn (C:\\Users\\sarkar\\AppData\\Roaming\\npm\\node_modules\\protractor\\node_modules\\jasmine-core\\lib\\jasmine-core\\jasmine.js:2579:37)\n    at attemptAsync (C:\\Users\\sarkar\\AppData\\Roaming\\npm\\node_modules\\protractor\\node_modules\\jasmine-core\\lib\\jasmine-core\\jasmine.js:1980:24)\n    at QueueRunner.run (C:\\Users\\sarkar\\AppData\\Roaming\\npm\\node_modules\\protractor\\node_modules\\jasmine-core\\lib\\jasmine-core\\jasmine.js:1935:9)\n    at QueueRunner.execute (C:\\Users\\sarkar\\AppData\\Roaming\\npm\\node_modules\\protractor\\node_modules\\jasmine-core\\lib\\jasmine-core\\jasmine.js:1923:10)\nFrom asynchronous test: \nError\n    at Suite.<anonymous> (F:\\Protractor\\New\\gmailLogin.js:6:5)\n    at addSpecsToSuite (C:\\Users\\sarkar\\AppData\\Roaming\\npm\\node_modules\\protractor\\node_modules\\jasmine-core\\lib\\jasmine-core\\jasmine.js:867:25)\n    at Env.describe (C:\\Users\\sarkar\\AppData\\Roaming\\npm\\node_modules\\protractor\\node_modules\\jasmine-core\\lib\\jasmine-core\\jasmine.js:836:7)\n    at describe (C:\\Users\\sarkar\\AppData\\Roaming\\npm\\node_modules\\protractor\\node_modules\\jasmine-core\\lib\\jasmine-core\\jasmine.js:3576:18)\n    at Object.<anonymous> (F:\\Protractor\\New\\gmailLogin.js:4:1)\n    at Module._compile (module.js:570:32)\n    at Object.Module._extensions..js (module.js:579:10)\n    at Module.load (module.js:487:32)\n    at tryModuleLoad (module.js:446:12)"
      },
      "testCases" : [ {
        "uid" : "915b0f80fea93a7b",
        "name" : "gmail login",
        "title" : "gmail login",
        "time" : {
          "start" : 1494299953700,
          "stop" : 1494299970531,
          "duration" : 16831
        },
        "severity" : "NORMAL",
        "status" : "FAILED"
      } ]
    }, {
      "uid" : "d43a66c7837e2d26",
      "failure" : {
        "message" : "Failed: No element found using locator: By(css selector, *[id=\"\\.\\/\\/\\*\\[\\@id\\=\\'Email\\'\\]\"])",
        "stackTrace" : "NoSuchElementError: No element found using locator: By(css selector, *[id=\"\\.\\/\\/\\*\\[\\@id\\=\\'Email\\'\\]\"])\n    at WebDriverError (C:\\Users\\sarkar\\AppData\\Roaming\\npm\\node_modules\\protractor\\node_modules\\selenium-webdriver\\lib\\error.js:27:5)\n    at NoSuchElementError (C:\\Users\\sarkar\\AppData\\Roaming\\npm\\node_modules\\protractor\\node_modules\\selenium-webdriver\\lib\\error.js:168:5)\n    at elementArrayFinder.getWebElements.then (C:\\Users\\sarkar\\AppData\\Roaming\\npm\\node_modules\\protractor\\lib\\element.ts:851:17)\n    at ManagedPromise.invokeCallback_ (C:\\Users\\sarkar\\AppData\\Roaming\\npm\\node_modules\\protractor\\node_modules\\selenium-webdriver\\lib\\promise.js:1366:14)\n    at TaskQueue.execute_ (C:\\Users\\sarkar\\AppData\\Roaming\\npm\\node_modules\\protractor\\node_modules\\selenium-webdriver\\lib\\promise.js:2970:14)\n    at TaskQueue.executeNext_ (C:\\Users\\sarkar\\AppData\\Roaming\\npm\\node_modules\\protractor\\node_modules\\selenium-webdriver\\lib\\promise.js:2953:27)\n    at asyncRun (C:\\Users\\sarkar\\AppData\\Roaming\\npm\\node_modules\\protractor\\node_modules\\selenium-webdriver\\lib\\promise.js:2813:27)\n    at C:\\Users\\sarkar\\AppData\\Roaming\\npm\\node_modules\\protractor\\node_modules\\selenium-webdriver\\lib\\promise.js:676:7\n    at process._tickCallback (internal/process/next_tick.js:103:7)Error\n    at ElementArrayFinder.applyAction_ (C:\\Users\\sarkar\\AppData\\Roaming\\npm\\node_modules\\protractor\\lib\\element.ts:482:23)\n    at ElementArrayFinder.(anonymous function) [as sendKeys] (C:\\Users\\sarkar\\AppData\\Roaming\\npm\\node_modules\\protractor\\lib\\element.ts:96:21)\n    at ElementFinder.(anonymous function) [as sendKeys] (C:\\Users\\sarkar\\AppData\\Roaming\\npm\\node_modules\\protractor\\lib\\element.ts:873:14)\n    at Object.<anonymous> (F:\\Protractor\\New\\gmailLogin.js:14:60)\n    at C:\\Users\\sarkar\\AppData\\Roaming\\npm\\node_modules\\protractor\\node_modules\\jasminewd2\\index.js:110:25\n    at new ManagedPromise (C:\\Users\\sarkar\\AppData\\Roaming\\npm\\node_modules\\protractor\\node_modules\\selenium-webdriver\\lib\\promise.js:1067:7)\n    at ControlFlow.promise (C:\\Users\\sarkar\\AppData\\Roaming\\npm\\node_modules\\protractor\\node_modules\\selenium-webdriver\\lib\\promise.js:2396:12)\n    at schedulerExecute (C:\\Users\\sarkar\\AppData\\Roaming\\npm\\node_modules\\protractor\\node_modules\\jasminewd2\\index.js:95:18)\n    at TaskQueue.execute_ (C:\\Users\\sarkar\\AppData\\Roaming\\npm\\node_modules\\protractor\\node_modules\\selenium-webdriver\\lib\\promise.js:2970:14)\n    at TaskQueue.executeNext_ (C:\\Users\\sarkar\\AppData\\Roaming\\npm\\node_modules\\protractor\\node_modules\\selenium-webdriver\\lib\\promise.js:2953:27)\nFrom: Task: Run it(\"gmail login\") in control flow\n    at Object.<anonymous> (C:\\Users\\sarkar\\AppData\\Roaming\\npm\\node_modules\\protractor\\node_modules\\jasminewd2\\index.js:94:19)\n    at attemptAsync (C:\\Users\\sarkar\\AppData\\Roaming\\npm\\node_modules\\protractor\\node_modules\\jasmine-core\\lib\\jasmine-core\\jasmine.js:1980:24)\n    at QueueRunner.run (C:\\Users\\sarkar\\AppData\\Roaming\\npm\\node_modules\\protractor\\node_modules\\jasmine-core\\lib\\jasmine-core\\jasmine.js:1935:9)\n    at C:\\Users\\sarkar\\AppData\\Roaming\\npm\\node_modules\\protractor\\node_modules\\jasmine-core\\lib\\jasmine-core\\jasmine.js:1962:16\n    at C:\\Users\\sarkar\\AppData\\Roaming\\npm\\node_modules\\protractor\\node_modules\\jasmine-core\\lib\\jasmine-core\\jasmine.js:1905:9\n    at C:\\Users\\sarkar\\AppData\\Roaming\\npm\\node_modules\\protractor\\node_modules\\jasminewd2\\index.js:64:48\n    at ControlFlow.emit (C:\\Users\\sarkar\\AppData\\Roaming\\npm\\node_modules\\protractor\\node_modules\\selenium-webdriver\\lib\\events.js:62:21)\n    at ControlFlow.shutdown_ (C:\\Users\\sarkar\\AppData\\Roaming\\npm\\node_modules\\protractor\\node_modules\\selenium-webdriver\\lib\\promise.js:2565:10)\n    at shutdownTask_.MicroTask (C:\\Users\\sarkar\\AppData\\Roaming\\npm\\node_modules\\protractor\\node_modules\\selenium-webdriver\\lib\\promise.js:2490:53)\n    at MicroTask.asyncRun (C:\\Users\\sarkar\\AppData\\Roaming\\npm\\node_modules\\protractor\\node_modules\\selenium-webdriver\\lib\\promise.js:2619:9)\nFrom asynchronous test: \nError\n    at Suite.<anonymous> (F:\\Protractor\\New\\gmailLogin.js:13:5)\n    at addSpecsToSuite (C:\\Users\\sarkar\\AppData\\Roaming\\npm\\node_modules\\protractor\\node_modules\\jasmine-core\\lib\\jasmine-core\\jasmine.js:867:25)\n    at Env.describe (C:\\Users\\sarkar\\AppData\\Roaming\\npm\\node_modules\\protractor\\node_modules\\jasmine-core\\lib\\jasmine-core\\jasmine.js:836:7)\n    at describe (C:\\Users\\sarkar\\AppData\\Roaming\\npm\\node_modules\\protractor\\node_modules\\jasmine-core\\lib\\jasmine-core\\jasmine.js:3576:18)\n    at Object.<anonymous> (F:\\Protractor\\New\\gmailLogin.js:4:1)\n    at Module._compile (module.js:570:32)\n    at Object.Module._extensions..js (module.js:579:10)\n    at Module.load (module.js:487:32)\n    at tryModuleLoad (module.js:446:12)"
      },
      "testCases" : [ {
        "uid" : "c6f30677ece4b90a",
        "name" : "gmail login",
        "title" : "gmail login",
        "time" : {
          "start" : 1491934159834,
          "stop" : 1491934164526,
          "duration" : 4692
        },
        "severity" : "NORMAL",
        "status" : "FAILED"
      } ]
    } ]
  }, {
    "title" : "Test defects",
    "status" : "BROKEN",
    "defects" : [ ]
  } ]
}